
> @edumanage/ui-components@1.0.0-alpha.1 build
> tsc

src/index.ts(5,27): error TS2307: Cannot find module './components/tables/DataTable' or its corresponding type declarations.
src/index.ts(8,37): error TS2307: Cannot find module './components/charts/Charts' or its corresponding type declarations.
npm ERR! Lifecycle script `build` failed with error: 
npm ERR! Error: command failed 
npm ERR!   in workspace: @edumanage/ui-components@1.0.0-alpha.1 
npm ERR!   at location: C:\Users\nsrikrishna\school-management-app\edumanage-pro\packages\ui-components 
